Traceback (most recent call last):
  File "trainCnnLstm.py", line 176, in <module>
    for step, batch in enumerate(dataLoaderTrain):
  File "/home/nami/anaconda3/lib/python3.8/site-packages/torch/utils/data/dataloader.py", line 363, in __next__
    data = self._next_data()
  File "/home/nami/anaconda3/lib/python3.8/site-packages/torch/utils/data/dataloader.py", line 974, in _next_data
    idx, data = self._get_data()
  File "/home/nami/anaconda3/lib/python3.8/site-packages/torch/utils/data/dataloader.py", line 924, in _get_data
    success, data = self._try_get_data(self._timeout)
  File "/home/nami/anaconda3/lib/python3.8/site-packages/torch/utils/data/dataloader.py", line 779, in _try_get_data
    data = self._data_queue.get(timeout=timeout)
  File "/home/nami/anaconda3/lib/python3.8/multiprocessing/queues.py", line 107, in get
    if not self._poll(timeout):
  File "/home/nami/anaconda3/lib/python3.8/multiprocessing/connection.py", line 257, in poll
    return self._poll(timeout)
  File "/home/nami/anaconda3/lib/python3.8/multiprocessing/connection.py", line 424, in _poll
    r = wait([self], timeout)
  File "/home/nami/anaconda3/lib/python3.8/multiprocessing/connection.py", line 931, in wait
    ready = selector.select(timeout)
  File "/home/nami/anaconda3/lib/python3.8/selectors.py", line 415, in select
    fd_event_list = self._selector.poll(timeout)
KeyboardInterrupt
